#
# A fatal error has been detected by the Java Runtime Environment:
#
#  Internal Error (javaClasses.cpp:129), pid=7844, tid=7828
#  fatal error: Invalid layout of preloaded class
#
# JRE version: 7.0_21-b11
# Java VM: Java HotSpot(TM) 64-Bit Server VM (23.21-b01 mixed mode windows-amd64 compressed oops)
# Failed to write core dump. Minidumps are not enabled by default on client versions of Windows
#
# If you would like to submit a bug report, please visit:
#   http://bugreport.sun.com/bugreport/crash.jsp
#

---------------  T H R E A D  ---------------

Current thread (0x00000000012de000):  JavaThread "Unknown thread" [_thread_in_vm, id=7828, stack(0x0000000002a60000,0x0000000002b60000)]

Stack: [0x0000000002a60000,0x0000000002b60000]

---------------  P R O C E S S  ---------------

Java Threads: ( => current thread )

Other Threads:

=>0x00000000012de000 (exited) JavaThread "Unknown thread" [_thread_in_vm, id=7828, stack(0x0000000002a60000,0x0000000002b60000)]

VM state:not at safepoint (not fully initialized)

VM Mutex/Monitor currently owned by a thread: None

GC Heap History (0 events):
No events

Deoptimization events (0 events):
No events

Internal exceptions (0 events):
No events

Events (10 events):
Event: 0.007 loading class 0x0000000002c38810 done
Event: 0.007 loading class 0x0000000002c00710 done
Event: 0.007 loading class 0x0000000002c00b30
Event: 0.007 loading class 0x0000000002c406a0
Event: 0.007 loading class 0x0000000002c406a0 done
Event: 0.007 loading class 0x0000000002c3fa60
Event: 0.007 loading class 0x0000000002c3fa60 done
Event: 0.007 loading class 0x000000000bab28e0
Event: 0.007 loading class 0x000000000bab28e0 done
Event: 0.008 loading class 0x0000000002c00b30 done


Dynamic libraries:
0x000007f7a4d10000 - 0x000007f7a4d43000 	C:\Program Files\Java\jre7\bin\javaw.exe
0x000007f9ca110000 - 0x000007f9ca2d0000 	C:\Windows\SYSTEM32\ntdll.dll
0x000007f9c85e0000 - 0x000007f9c8716000 	C:\Windows\system32\KERNEL32.DLL
0x000007f9c7220000 - 0x000007f9c7313000 	C:\Windows\system32\KERNELBASE.dll
0x000007f9c7bc0000 - 0x000007f9c7c9e000 	C:\Windows\system32\ADVAPI32.dll
0x000007f9c8110000 - 0x000007f9c825c000 	C:\Windows\system32\USER32.dll
0x000007f9c48c0000 - 0x000007f9c4b2a000 	C:\Windows\WinSxS\amd64_microsoft.windows.common-controls_6595b64144ccf1df_6.0.9200.16579_none_418ab7ef718b27ef\COMCTL32.dll
0x000007f9c79f0000 - 0x000007f9c7a95000 	C:\Windows\system32\msvcrt.dll
0x000007f9c75b0000 - 0x000007f9c75f8000 	C:\Windows\SYSTEM32\sechost.dll
0x000007f9c7fc0000 - 0x000007f9c8105000 	C:\Windows\system32\RPCRT4.dll
0x000007f9c76e0000 - 0x000007f9c7821000 	C:\Windows\system32\GDI32.dll
0x000007f9c8a70000 - 0x000007f9c8aa9000 	C:\Windows\system32\IMM32.DLL
0x000007f9c7aa0000 - 0x000007f9c7bb5000 	C:\Windows\system32\MSCTF.dll
0x000007f9c6f70000 - 0x000007f9c6fb0000 	C:\Windows\system32\nvinitx.dll
0x0000000059260000 - 0x0000000059331000 	C:\Program Files\Java\jre7\bin\msvcr100.dll
0x0000000058b30000 - 0x0000000059251000 	C:\Program Files\Java\jre7\bin\server\jvm.dll
0x000007f9bf380000 - 0x000007f9bf389000 	C:\Windows\SYSTEM32\WSOCK32.dll
0x000007f9c5200000 - 0x000007f9c5220000 	C:\Windows\SYSTEM32\WINMM.dll
0x000007f9c79e0000 - 0x000007f9c79e7000 	C:\Windows\system32\PSAPI.DLL
0x000007f9c7ca0000 - 0x000007f9c7cf8000 	C:\Windows\system32\WS2_32.dll
0x000007f9c51b0000 - 0x000007f9c51e3000 	C:\Windows\SYSTEM32\WINMMBASE.dll
0x000007f9c8400000 - 0x000007f9c8409000 	C:\Windows\system32\NSI.dll
0x000007f9c7090000 - 0x000007f9c70df000 	C:\Windows\SYSTEM32\cfgmgr32.dll
0x000007f9c7140000 - 0x000007f9c7162000 	C:\Windows\system32\DEVOBJ.dll
0x0000000058b20000 - 0x0000000058b2f000 	C:\Program Files\Java\jre7\bin\verify.dll
0x0000000058af0000 - 0x0000000058b18000 	C:\Program Files\Java\jre7\bin\java.dll
0x0000000058ad0000 - 0x0000000058ae5000 	C:\Program Files\Java\jre7\bin\zip.dll

VM Arguments:
jvm_args: -Dfile.encoding=Cp1252 -Xbootclasspath:C:\Users\cyb\android-sdks\platforms\android-17\android.jar 
java_command: org.eclipse.jdt.internal.junit.runner.RemoteTestRunner -version 3 -port 58395 -testLoaderClass org.eclipse.jdt.internal.junit.runner.junit3.JUnit3TestLoader -loaderpluginname org.eclipse.jdt.junit.runtime -classNames net.skillfullearning.tests.AddTest
Launcher Type: SUN_STANDARD

Environment Variables:
PATH=C:\Program Files (x86)\Intel\iCLS Client\;C:\Program Files\Intel\iCLS Client\;C:\Program Files (x86)\NVIDIA Corporation\PhysX\Common;C:\Windows\system32;C:\Windows;C:\Windows\System32\Wbem;C:\Windows\System32\WindowsPowerShell\v1.0\;C:\Program Files (x86)\Intel\OpenCL SDK\2.0\bin\x86;C:\Program Files (x86)\Intel\OpenCL SDK\2.0\bin\x64;C:\Program Files\Intel\Intel(R) Management Engine Components\DAL;C:\Program Files\Intel\Intel(R) Management Engine Components\IPT;C:\Program Files (x86)\Intel\Intel(R) Management Engine Components\DAL;C:\Program Files (x86)\Intel\Intel(R) Management Engine Components\IPT;C:\Program Files\Intel\WiFi\bin\;C:\Program Files\Common Files\Intel\WirelessCommon\;C:\Program Files (x86)\Heroku\bin;C:\Program Files (x86)\git\cmd;C:\Python27;C:\Program Files (x86)\Sqlite;C:\Users\cyb\android-sdks\platform-tools;
USERNAME=cyb
OS=Windows_NT
PROCESSOR_IDENTIFIER=Intel64 Family 6 Model 58 Stepping 9, GenuineIntel



---------------  S Y S T E M  ---------------

OS: Windows 8 , 64 bit Build 9200 

CPU:total 4 (2 cores per cpu, 2 threads per core) family 6 model 58 stepping 9, cmov, cx8, fxsr, mmx, sse, sse2, sse3, ssse3, sse4.1, sse4.2, popcnt, avx, ht, tsc, tscinvbit, tscinv

Memory: 4k page, physical 8271308k(5088504k free), swap 16659916k(12566816k free)

vm_info: Java HotSpot(TM) 64-Bit Server VM (23.21-b01) for windows-amd64 JRE (1.7.0_21-b11), built on Apr  4 2013 08:11:28 by "java_re" with unknown MS VC++:1600

time: Fri Oct 04 00:19:35 2013
elapsed time: 0 seconds

